Startfile from command line: tc.in


       ***********************************************************
       *                    TeraChem v1.9-2019.05-dev            *
       *                 Hg Version: bb6ec45d7696                *
       *                   Development Version                   *
       *                Compiled without textures                *
       *           Chemistry at the Speed of Graphics!           *
       ***********************************************************
       * This program may only be used in connection with        *
       * a valid license from PetaChem, LLC. Use of this program *
       * or results thereof indicates acceptance of all terms    *
       * and conditions stated in the license and that a valid   *
       * license agreement between the user and PetaChem, LLC    *
       * exists. PetaChem, LLC does not warrant the correctness  *
       * of results or their suitability for any purpose.        *
       * Please email bugs, suggestions, and comments to         *
       *                  help@petachem.com                      *
       *                                                         *
       ***********************************************************


       ***********************************************************
       *  Compiled by jenkins      Wed May 22 16:46:28 PDT 2019  *
       *  Supported architectures: sm_30 sm_35 sm_52 sm_61 sm_70 *
       *  Cuda compilation tools, release 9.0, V9.0.176          *
       ***********************************************************


 Job started   Sun Jul 21 16:41:18 2019
 On fire-14-01 (available memory: 482514 MB)

######################################### RUNTIME INFO ##########################################
terachem tc.in 

NVRM version: NVIDIA UNIX x86_64 Kernel Module  384.27  Sun May 21 00:39:55 PDT 2017
GCC version:  gcc version 4.8.5 20150623 (Red Hat 4.8.5-11) (GCC) 

	linux-vdso.so.1 =>  (0x00007ffc3db29000)
	libcurl.so.4 => /usr/lib64/libcurl.so.4 (0x00007ff090c24000)
	libdftbplus.so => /global/software/TeraChem/2019.05-intel-2016.0.109-MPICH2-1.4.1p1/lib/libdftbplus.so (0x00007ff090704000)
	libfsockets.so => /global/software/TeraChem/2019.05-intel-2016.0.109-MPICH2-1.4.1p1/lib/libfsockets.so (0x00007ff090500000)
	libxmlf90.so => /global/software/TeraChem/2019.05-intel-2016.0.109-MPICH2-1.4.1p1/lib/libxmlf90.so (0x00007ff0902da000)
	libOpenMM.so => /global/software/OpenMM/7.1-intel-2016.0.109-CUDA-8.0.44/lib/libOpenMM.so (0x00007ff08fd18000)
	libprotobuf.so.12 => /global/software/protobuf/3.2.0-intel-2016.0.109/lib/libprotobuf.so.12 (0x00007ff08f7ae000)
	libintbox.so.1 => /global/software/TeraChem/2019.05-intel-2016.0.109-MPICH2-1.4.1p1/lib/libintbox.so.1 (0x00007ff06b201000)
	libthcbox.so.1 => /global/software/TeraChem/2019.05-intel-2016.0.109-MPICH2-1.4.1p1/lib/libthcbox.so.1 (0x00007ff06954d000)
	libgridbox.so.1 => /global/software/TeraChem/2019.05-intel-2016.0.109-MPICH2-1.4.1p1/lib/libgridbox.so.1 (0x00007ff068fee000)
	libdftbox.so.1 => /global/software/TeraChem/2019.05-intel-2016.0.109-MPICH2-1.4.1p1/lib/libdftbox.so.1 (0x00007ff068d0a000)
	libcibox.so.1 => /global/software/TeraChem/2019.05-intel-2016.0.109-MPICH2-1.4.1p1/lib/libcibox.so.1 (0x00007ff0688f6000)
	libgpubox.so.1 => /global/software/TeraChem/2019.05-intel-2016.0.109-MPICH2-1.4.1p1/lib/libgpubox.so.1 (0x00007ff0686f0000)
	libcuda.so.1 => /usr/lib64/libcuda.so.1 (0x00007ff0678d4000)
	libcudart.so.9.0 => /global/software/TeraChem/2019.05-intel-2016.0.109-MPICH2-1.4.1p1/lib/libcudart.so.9.0 (0x00007ff067667000)
	libcublas.so.9.0 => /global/software/TeraChem/2019.05-intel-2016.0.109-MPICH2-1.4.1p1/lib/libcublas.so.9.0 (0x00007ff064231000)
	libcufft.so.9.0 => /global/software/TeraChem/2019.05-intel-2016.0.109-MPICH2-1.4.1p1/lib/libcufft.so.9.0 (0x00007ff05c18f000)
	libcusparse.so.9.0 => /global/software/TeraChem/2019.05-intel-2016.0.109-MPICH2-1.4.1p1/lib/libcusparse.so.9.0 (0x00007ff058a29000)
	libcrypto.so.10 => /usr/lib64/libcrypto.so.10 (0x00007ff05863f000)
	libssl.so.10 => /usr/lib64/libssl.so.10 (0x00007ff0583d0000)
	libm.so.6 => /usr/lib64/libm.so.6 (0x00007ff0580ce000)
	libcilkrts.so.5 => /global/software/TeraChem/2019.05-intel-2016.0.109-MPICH2-1.4.1p1/lib/libcilkrts.so.5 (0x00007ff057e8d000)
	libstdc++.so.6 => /usr/lib64/libstdc++.so.6 (0x00007ff057b83000)
	libgcc_s.so.1 => /usr/lib64/libgcc_s.so.1 (0x00007ff05796d000)
	libpthread.so.0 => /usr/lib64/libpthread.so.0 (0x00007ff057751000)
	libc.so.6 => /usr/lib64/libc.so.6 (0x00007ff05738f000)
	/lib64/ld-linux-x86-64.so.2 (0x00007ff090ea0000)
	libdl.so.2 => /usr/lib64/libdl.so.2 (0x00007ff05718b000)
	libidn.so.11 => /usr/lib64/libidn.so.11 (0x00007ff056f58000)
	libssh2.so.1 => /usr/lib64/libssh2.so.1 (0x00007ff056d2d000)
	libssl3.so => /usr/lib64/libssl3.so (0x00007ff056ae1000)
	libsmime3.so => /usr/lib64/libsmime3.so (0x00007ff0568ba000)
	libnss3.so => /usr/lib64/libnss3.so (0x00007ff05658f000)
	libnssutil3.so => /usr/lib64/libnssutil3.so (0x00007ff056362000)
	libplds4.so => /usr/lib64/libplds4.so (0x00007ff05615e000)
	libplc4.so => /usr/lib64/libplc4.so (0x00007ff055f58000)
	libnspr4.so => /usr/lib64/libnspr4.so (0x00007ff055d1a000)
	libgssapi_krb5.so.2 => /usr/lib64/libgssapi_krb5.so.2 (0x00007ff055acc000)
	libkrb5.so.3 => /usr/lib64/libkrb5.so.3 (0x00007ff0557e4000)
	libk5crypto.so.3 => /usr/lib64/libk5crypto.so.3 (0x00007ff0555b2000)
	libcom_err.so.2 => /usr/lib64/libcom_err.so.2 (0x00007ff0553ae000)
	liblber-2.4.so.2 => /usr/lib64/liblber-2.4.so.2 (0x00007ff05519e000)
	libldap-2.4.so.2 => /usr/lib64/libldap-2.4.so.2 (0x00007ff054f4b000)
	libz.so.1 => /usr/lib64/libz.so.1 (0x00007ff054d35000)
	libmkl_intel_lp64.so => /global/software/imkl/11.3.0.109-iimpi-2016.0.109/mkl/lib/intel64/libmkl_intel_lp64.so (0x00007ff0543f6000)
	libmkl_intel_thread.so => /global/software/imkl/11.3.0.109-iimpi-2016.0.109/mkl/lib/intel64/libmkl_intel_thread.so (0x00007ff05309f000)
	libmkl_core.so => /global/software/imkl/11.3.0.109-iimpi-2016.0.109/mkl/lib/intel64/libmkl_core.so (0x00007ff0517ba000)
	libiomp5.so => /global/software/imkl/11.3.0.109-iimpi-2016.0.109/lib/intel64/libiomp5.so (0x00007ff051478000)
	libifport.so.5 => /global/software/ifort/2016.0.109/compilers_and_libraries_2016.0.109/linux/compiler/lib/intel64/libifport.so.5 (0x00007ff051249000)
	libifcoremt.so.5 => /global/software/ifort/2016.0.109/compilers_and_libraries_2016.0.109/linux/compiler/lib/intel64/libifcoremt.so.5 (0x00007ff050eb6000)
	libimf.so => /global/software/imkl/11.3.0.109-iimpi-2016.0.109/lib/intel64/libimf.so (0x00007ff0509be000)
	libsvml.so => /global/software/imkl/11.3.0.109-iimpi-2016.0.109/lib/intel64/libsvml.so (0x00007ff04faff000)
	libintlc.so.5 => /global/software/imkl/11.3.0.109-iimpi-2016.0.109/lib/intel64/libintlc.so.5 (0x00007ff04f89f000)
	librt.so.1 => /usr/lib64/librt.so.1 (0x00007ff04f697000)
	libirng.so => /global/software/imkl/11.3.0.109-iimpi-2016.0.109/lib/intel64/libirng.so (0x00007ff04f48f000)
	libnvidia-fatbinaryloader.so.384.27 => /usr/lib64/libnvidia-fatbinaryloader.so.384.27 (0x00007ff04f23c000)
	libkrb5support.so.0 => /usr/lib64/libkrb5support.so.0 (0x00007ff04f02c000)
	libkeyutils.so.1 => /usr/lib64/libkeyutils.so.1 (0x00007ff04ee28000)
	libresolv.so.2 => /usr/lib64/libresolv.so.2 (0x00007ff04ec0d000)
	libsasl2.so.3 => /usr/lib64/libsasl2.so.3 (0x00007ff04e9f0000)
	libselinux.so.1 => /usr/lib64/libselinux.so.1 (0x00007ff04e7c8000)
	libcrypt.so.1 => /usr/lib64/libcrypt.so.1 (0x00007ff04e591000)
	libpcre.so.1 => /usr/lib64/libpcre.so.1 (0x00007ff04e330000)
	libfreebl3.so => /usr/lib64/libfreebl3.so (0x00007ff04e12c000)
#################################################################################################

Cannot find license.dat file in the TeraChem installation directory /global/software/TeraChem/2019.05-intel-2016.0.109-MPICH2-1.4.1p1


TRYING THE NETWORK LICENSE...
Connecting to license server '54.208.252.40' port '8877'...
Connected!
Checking your license...

**************************************************************
  Greetings, Martinez Group! You have 1000 licenses in total
  IN USE: 3
  AVAILABLE: 997
**************************************************************

Jobname: opt_dasa_stacked
Scratch directory: ./scr.opt_dasa_stacked
Random number seed: 1288833835

XYZ coordinates opt_dasa_stacked.xyz
Molden File Output: ./scr.opt_dasa_stacked/opt_dasa_stacked.molden
Using basis set: 6-31gss
dmrgstart not found
cibox_start not found
Spin multiplicity: 1
DIIS will use up to 10 vectors.
Condition number limit for the DIIS overlap matrix is            0
WF convergence threshold: 1.00e-04
Using DIIS algorithm to converge WF
Maximum number of SCF iterations: 100
Incremental fock with rebuild every 8 iterations
Will switch to conventional Fock if diffuse functions are detected
X-matrix tolerance: 1.00e-04
PRECISION: DYNAMIC
DFT Functional requested: b3lyp
Method: B3LYP  with dispersion correction
  Hartree-Fock exact exchange:          0.20 
  Slater exchange functional:           0.80 
  Becke 1988 exchange functional:       0.72 
  Lee-Yang-Parr correlation functional: 0.81 
  VWN(I) correlation functional:        0.19 
Wavefunction: RESTRICTED

 DFT-D code reimplemented following the
 code by S.Grimme, University Bonn 
 based on DFTD3 V3.2 Rev 0         
 
Please cite DFT-D3 work done with this code as:
S. Grimme, J. Antony, S. Ehrlich and H. Krieg,
J. Chem. Phys. 132 (2010), 154104
If used with BJ-damping cite also
S. Grimme, S. Ehrlich and L. Goerigk,
J. Comput. Chem. 32 (2011), 1456-1465
For DFT-D2 the reference is
S. Grimme, J. Comput. Chem., 27 (2006), 1787-1799
DFT grid type: 1
Using dynamic DFT grids.
Initial guess generated by maximum overlap

********************************************
*** RUNNING AB INITIO MOLECULAR DYNAMICS ***
********************************************

MD simulation parameters:
Random velocities (T = 300.00 K)
Velocity Verlet integration time step: 0.50 fs
Total MD steps: 30000
Target temperature: 300.00 K
Langevin dynamics (Tdamp = 300 fs)
Binary output: no
Output freq:   1
SCF:   Time-reversible integrator with dissipation

using 2 out of 2 CUDA devices
   Device 0:  GeForce GTX 1080 Ti, 11172MB, CC 6.1 -- CPU THREAD 0
   Device 1:  GeForce GTX 1080 Ti, 11172MB, CC 6.1 -- CPU THREAD 1
-------------------------------------------------------------------
Compiled with MAGMA support.  MAGMA parameters:
    Matrices larger than 5000 square will be treated with MAGMA
       (Change by setting the MagmaMinN environment variable)
    Magma will use 1 out of 2 GPUs
       (Change by setting the MagmaNGPUs environment variable)
-------------------------------------------------------------------
 CPU Memory Available: 96717.88 MegaWords 
 GPU Memory Available: 1140.55 MegaWords 
 Maximum recommended basis set size: 12200 basis functions
 (limited by GPU memory)
-------------------------------------------------------------------
Using d-functions. Configuring GPUs accordingly.
0: CUBLAS initialized, available GPU memory: 8258MB
1: CUBLAS initialized, available GPU memory: 8258MB


Basis set:       6-31gss
Total atoms:     84
Total charge:    0
Total electrons: 316 (158-alpha, 158-beta)
Number electrons modeled by ECPs: 0
Total orbitals:  840
Total AO shells: 378 (210 S-shells; 126 P-shells; 42 D-shells; 0 F-shells; 0 G-shells)
Spin multiplicity: 1
Nuclear repulsion energy (QM atoms): 5306.229602902880 a.u.

Warning: using default VDW parameters

Using time-reversible integrator with dissipation to generate WF guess during MD.
A.M.N. Niklasson et al, J. Chem. Phys. 130, 214109 (2009)
REMOVING COMM VELOCITY of {-6.03e-07, 1.33e-05, -1.72e-05}
Failed to eliminate non-zero angular momentum
REMOVING COMM ANGULAR MOMENTUM of {-3.19e-02, 2.38e-01, 1.00e-01}
COMM VELOCITY: {5.88e-21, -2.94e-21, -1.18e-20}
COMM ANGULAR MOMENTUM: {-3.19e-02, 2.38e-01, 1.00e-01}
DFTD Energy:    -0.1891728 hartree
Setting up the DFT grid...
time to set the grid = 0.04 s
DFT grid points: 78974 (940 points/atom)
Setting up the DFT grid...
time to set the grid = 0.12 s
DFT grid points: 220902 (2629 points/atom)

                      *** Start SCF Iterations ***

 Iter     DIIS Error       Energy change      Electrons        XC Energy           Energy        Time(s)
----------------------------------------------------------------------------------------------------------
         >>> Purifying P... IDMP = 1.05e-14 <<<
THRESPDP set to 1.00e+00
                >>> SWITCHING TO GRID 1 <<<
   1     0.1980480471   -2017.6788845221   316.0001272983  -216.7924067243   -2017.6788845221     1.34  
                >>> SWITCHING TO GRID 0 <<<
   2     0.2762200003      +2.8336663698   315.9700003841  -231.3417425148   -2014.8452181523     1.14  
   3     0.5154457435      +3.0086000772   315.9641835974  -227.1498633878   -2011.8366180751     1.15  
   4     0.2867379675      -5.6896511308   315.9587577357  -225.5789328555   -2017.5262692059     1.13  
   5     0.1043189543     -12.3601344023   315.9588544729  -225.3791589922   -2029.8864036083     1.11  
   6     0.0532239974      -0.2442222647   315.9599515195  -225.0750915527   -2030.1306258730     1.06  
   7     0.0247327314      -0.2938773275   315.9595140082  -225.3847385216   -2030.4245032005     1.03  
   8     0.0151966704      -0.0498329624   315.9593563948  -225.2351580297   -2030.4743361629     1.01  
THRESPDP set to 4.19e-03
   9     0.0044708472      -0.0181927504   315.9593258920  -225.2257197803   -2030.4925289133     1.25  
                >>> SWITCHING TO GRID 1 <<<
  10     0.0026051009      -0.0097035121   316.0004805434  -225.2506936827   -2030.5022324254     1.32  
  11     0.0011978998      -0.0006699001   316.0004866237  -225.2596455506   -2030.5029023255     1.27  
  12     0.0004366544      -0.0001527393   316.0004975105  -225.2554757797   -2030.5030550648     1.25  
  13     0.0002940152      -0.0000247841   316.0005003893  -225.2505165811   -2030.5030798489     1.22  
  14     0.0001168767      -0.0000066391   316.0004997384  -225.2543524106   -2030.5030864880     1.17  
  15     0.0000386104      -0.0000011032   316.0004994845  -225.2544272406   -2030.5030875912     1.16  
  16     0.0000149705      -0.0000001192   316.0004992016  -225.2542748353   -2030.5030877105     1.38  
----------------------------------------------------------------------------------------------------------
FINAL ENERGY: -2030.5030877105 a.u.
DISPERSION CONTRIBUTION TO ENERGY: -0.1891728424 a.u.
HOMO-LUMO GAP: 2.428 eV
CENTER OF MASS: {6.064405, 3.240382, 10.380284} ANGS
DIPOLE MOMENT: {-1.633758, 3.781920, -1.745285} (|D| = 4.474160) DEBYE
GPU Memory: 8150 Mb
GPU Memory: 8150 Mb

Running Mulliken population analysis...


Gradient units are Hartree/Bohr
---------------------------------------------------
        dE/dX            dE/dY            dE/dZ
   -0.0000249164     0.0000384582     0.0000393018
    0.0000228861    -0.0000072743    -0.0000291079
   -0.0000018626    -0.0000259456    -0.0000476883
   -0.0000536897    -0.0000343452     0.0000799923
   -0.0000640165     0.0000266256     0.0000000230
   -0.0000043990     0.0000072417    -0.0000388191
    0.0000603689    -0.0001009038     0.0000421309
   -0.0000277345     0.0000605012    -0.0000353073
   -0.0000137560     0.0000359621    -0.0000261376
   -0.0000357436    -0.0000002726     0.0000613186
   -0.0000089565    -0.0000058246    -0.0000659008
    0.0000741016    -0.0000117150     0.0000512116
    0.0000109500     0.0000437978    -0.0000599898
    0.0000250322    -0.0000190627     0.0000005901
   -0.0000294140    -0.0000763067    -0.0000439710
   -0.0000126325    -0.0000428181    -0.0000253173
    0.0000322787    -0.0000176081    -0.0000465499
   -0.0000473837     0.0000057891     0.0000349342
    0.0000450929    -0.0000244155     0.0000235291
   -0.0000050538    -0.0000352523     0.0000198607
    0.0000000864     0.0000716686    -0.0000247307
    0.0000437603     0.0001027985    -0.0000526793
    0.0000368329     0.0000060758     0.0000017479
   -0.0000393278    -0.0000366201     0.0000087641
   -0.0000062601     0.0001034938    -0.0000889184
    0.0000412671    -0.0000823874     0.0000529699
   -0.0000101946     0.0000177584     0.0000916077
   -0.0000936059    -0.0000090765     0.0000414706
    0.0000161985    -0.0000469675    -0.0000038685
   -0.0000198482    -0.0000082699     0.0000256130
    0.0000291829    -0.0000440807     0.0000350428
   -0.0000426343    -0.0000006627     0.0000451575
    0.0000137904     0.0000052977    -0.0000178664
   -0.0000964075     0.0000402593     0.0000414580
    0.0000290884    -0.0000067227     0.0000134976
   -0.0000032873    -0.0000219324    -0.0000012322
    0.0001039876     0.0000292806     0.0000555840
   -0.0000448574    -0.0000179827    -0.0000546735
    0.0000212223    -0.0000382371    -0.0000567330
   -0.0000425516     0.0000637651     0.0000397346
    0.0000383917     0.0000871854    -0.0000637584
    0.0000169983     0.0000414149    -0.0000114388
    0.0000036239    -0.0000007689     0.0000053221
   -0.0000218002     0.0000086900     0.0000117448
   -0.0000467270    -0.0000375925     0.0000045802
    0.0000084521     0.0000558867    -0.0000352262
   -0.0000086981    -0.0000150358     0.0000306893
    0.0000333866     0.0000117207    -0.0000716025
   -0.0000320644     0.0000669472     0.0000039137
   -0.0000027187     0.0000303677     0.0000255671
   -0.0000333596     0.0000142666     0.0000082637
    0.0000577775    -0.0000264212     0.0000303692
   -0.0000021023    -0.0000253615    -0.0000081428
    0.0000006146     0.0000129136     0.0000268300
    0.0000805973    -0.0000099698    -0.0000129470
   -0.0000063309    -0.0000858932    -0.0000423777
    0.0000396190     0.0000614226    -0.0000159497
    0.0000598613     0.0000107806    -0.0000755752
    0.0000337072    -0.0000648913     0.0000057339
    0.0000408339    -0.0000767634     0.0000123871
    0.0000409308     0.0000130198    -0.0000105420
   -0.0000317969    -0.0000089043    -0.0000098774
    0.0000212276    -0.0000392128     0.0000262983
    0.0000030018    -0.0000175280    -0.0000331042
   -0.0000380600    -0.0000680276    -0.0000051563
   -0.0000128259    -0.0000024128    -0.0000007800
   -0.0000253594     0.0000336526     0.0000340205
   -0.0000929502     0.0000245814     0.0000230024
   -0.0000258824     0.0000067360    -0.0000471579
    0.0000317636     0.0000630539    -0.0000466458
    0.0000548797     0.0000257489     0.0000251552
   -0.0000679608     0.0000096376    -0.0000327651
    0.0000498134     0.0000433819     0.0000506631
    0.0000602176    -0.0000457138    -0.0000000046
    0.0000122000     0.0000103937     0.0000169121
   -0.0000165763     0.0000401346     0.0000113860
    0.0000078203     0.0000295058    -0.0000081433
   -0.0000040873     0.0000271193     0.0000480194
   -0.0000181444    -0.0000312707     0.0000214853
   -0.0000357041    -0.0000526085     0.0000227864
   -0.0000530097     0.0000039758    -0.0000238365
   -0.0000158496    -0.0000327858    -0.0000013533
   -0.0000117481    -0.0000180879     0.0000530200
    0.0000304362    -0.0000173765    -0.0000278140

=MD= ***** MD STEP 1 *****

DFTD Energy:    -0.1891881 hartree
Setting up the DFT grid...
time to set the grid = 0.03 s
DFT grid points: 78972 (940 points/atom)
Setting up the DFT grid...
time to set the grid = 0.09 s
DFT grid points: 220892 (2629 points/atom)

                      *** Start SCF Iterations ***

 Iter     DIIS Error       Energy change      Electrons        XC Energy           Energy        Time(s)
----------------------------------------------------------------------------------------------------------
         >>> Purifying P... IDMP = 1.37e-14 <<<
THRESPDP set to 1.00e+00
                >>> SWITCHING TO GRID 1 <<<
   1     0.1985064610   -2017.6675821523   315.9994892540  -216.7931499367   -2017.6675821523     1.30  
                >>> SWITCHING TO GRID 0 <<<
   2     0.2836440583      +2.8124122152   315.9704761214  -231.3451708208   -2014.8551699371     1.08  
   3     0.5294204215      +3.2135734228   315.9647795425  -227.1594773598   -2011.6415965143     1.10  
   4     0.3267576747      -5.9962278727   315.9581800037  -225.5105541669   -2017.6378243869     1.08  
   5     0.0974721808     -12.4958473564   315.9605201819  -225.4388176452   -2030.1336717434     1.08  
   6     0.0791026147      -0.0371229730   315.9601673417  -225.0291015540   -2030.1707947164     1.03  
   7     0.0185246815      -0.2996352248   315.9602803914  -225.3292651239   -2030.4704299412     1.02  
   8     0.0064087796      -0.0164932471   315.9599711932  -225.2391602188   -2030.4869231882     0.97  
THRESPDP set to 4.19e-03
                >>> SWITCHING TO GRID 1 <<<
   9     0.0029983716      -0.0125533464   316.0001632915  -225.2432042603   -2030.4994765347     1.58  
  10     0.0014263785      -0.0005907213   316.0001710134  -225.2634883760   -2030.5000672560     1.30  
  11     0.0007347930      -0.0001602838   316.0001778348  -225.2633720939   -2030.5002275398     1.27  
  12     0.0005274072      -0.0000308161   316.0001815441  -225.2624922534   -2030.5002583559     1.25  
  13     0.0001361155      -0.0000292118   316.0001826538  -225.2599822028   -2030.5002875677     1.23  
  14     0.0000529217      -0.0000021989   316.0001825580  -225.2619265441   -2030.5002897666     1.21  
  15     0.0000199947      -0.0000016668   316.0001822847  -225.2621864436   -2030.5002914334     1.45  
----------------------------------------------------------------------------------------------------------
FINAL ENERGY: -2030.5002914334 a.u.
DISPERSION CONTRIBUTION TO ENERGY: -0.1891881055 a.u.
HOMO-LUMO GAP: 2.404 eV
CENTER OF MASS: {6.064405, 3.240382, 10.380284} ANGS
DIPOLE MOMENT: {-1.782699, 3.729528, -1.741002} (|D| = 4.485363) DEBYE
GPU Memory: 8150 Mb
GPU Memory: 8150 Mb

Running Mulliken population analysis...


Gradient units are Hartree/Bohr
---------------------------------------------------
        dE/dX            dE/dY            dE/dZ
   -0.0000264004     0.0031319302     0.0019462882
    0.0022094039     0.0007506727     0.0001521263
   -0.0001916018    -0.0000915912    -0.0007405993
    0.0014118210    -0.0013589833    -0.0007439877
   -0.0038627781    -0.0069304688    -0.0167194464
    0.0069328800     0.0064311905     0.0033785684
   -0.0007633228     0.0018609585     0.0100481004
   -0.0024445064    -0.0016644429     0.0020030929
   -0.0015287117    -0.0107903307    -0.0056036688
   -0.0070816944     0.0025563386     0.0005286648
    0.0004191700     0.0020175311     0.0034614857
    0.0082770014     0.0037408033     0.0015181008
    0.0018957479     0.0015240584     0.0048618175
    0.0009878451    -0.0008213913    -0.0031255237
   -0.0040425461    -0.0023824404    -0.0096947208
   -0.0036390473     0.0029275238     0.0054960970
   -0.0007676670    -0.0014554019    -0.0019179792
    0.0011888000    -0.0025679078    -0.0087346252
    0.0022832763     0.0018196105     0.0087166051
   -0.0000388578     0.0010441974     0.0022114546
   -0.0002568984    -0.0009802016    -0.0033085196
   -0.0091550767    -0.0042501822     0.0012819050
    0.0053860187     0.0031189499    -0.0025646957
    0.0007833748    -0.0013116522    -0.0024128233
    0.0026088428     0.0009429661     0.0039323936
   -0.0011099664     0.0000361566     0.0004437135
   -0.0038170269    -0.0023256598    -0.0039291627
    0.0032313674     0.0017901969     0.0002557847
    0.0049409933    -0.0001587672     0.0022658909
   -0.0000983747     0.0005876478    -0.0013765726
   -0.0019091378    -0.0009026198    -0.0016587744
    0.0015621424    -0.0055179006    -0.0104361928
    0.0021821033     0.0039544591     0.0053060711
   -0.0045166291    -0.0010449778     0.0055527474
   -0.0008412993     0.0021869090     0.0003076510
    0.0004787195     0.0030254363     0.0036988472
   -0.0024403960    -0.0009974239    -0.0008416782
    0.0002354997     0.0011016742     0.0024263030
   -0.0019667009     0.0001864737    -0.0006213894
    0.0013192590    -0.0001789118    -0.0001242525
    0.0018413352     0.0006843928     0.0053442184
    0.0026329907    -0.0010373718    -0.0000501282
    0.0014356144    -0.0010807536    -0.0011284667
    0.0017173276     0.0013075440    -0.0021628373
   -0.0001916818    -0.0016908165     0.0000695451
   -0.0044334600     0.0015873058    -0.0005240695
    0.0038592761    -0.0034730986     0.0026876160
   -0.0007497103    -0.0001681331    -0.0033227808
   -0.0002672354     0.0025357375     0.0002623556
   -0.0000228679     0.0105361544     0.0027275784
   -0.0061021147    -0.0017888888     0.0029129841
   -0.0030123637    -0.0030406376    -0.0077300468
    0.0084551608    -0.0042972055     0.0020353178
   -0.0017070161    -0.0008218262     0.0074599056
   -0.0024327185     0.0007111576    -0.0046862964
    0.0014200633    -0.0002162503    -0.0010908117
   -0.0029547896     0.0010039669    -0.0021737662
    0.0027712303    -0.0007303063     0.0022424543
   -0.0006540606     0.0007313206    -0.0015895350
    0.0003171879    -0.0007329878     0.0016170343
   -0.0045426313     0.0026018803    -0.0098327017
    0.0039477652    -0.0022532899     0.0079701825
   -0.0049241008    -0.0030303777     0.0037085870
    0.0003068835    -0.0002530302     0.0008805212
    0.0036291779     0.0046198408    -0.0041423096
   -0.0001840491     0.0033046227     0.0036646245
   -0.0001793396    -0.0013075025    -0.0008442960
   -0.0020553995    -0.0002978054    -0.0012817278
    0.0028112884    -0.0035617889    -0.0024527820
   -0.0022049427     0.0031030235     0.0023335047
   -0.0005138631    -0.0011791561     0.0003675425
   -0.0004949103     0.0015244975    -0.0001827668
    0.0017433008    -0.0034914252     0.0057191090
    0.0007838351    -0.0012298457     0.0006192191
    0.0011731792     0.0019798710    -0.0073776676
   -0.0016368286    -0.0007639807     0.0002388827
    0.0031287439     0.0003038992    -0.0000510390
   -0.0021621024     0.0006284564     0.0002312758
    0.0002029656     0.0006398541     0.0001592287
   -0.0010126481     0.0001670074     0.0006495422
    0.0005836442    -0.0004136081     0.0009489197
    0.0075481673     0.0015951535    -0.0070965874
    0.0001258666     0.0003234823    -0.0005186903
   -0.0058317917    -0.0020335097     0.0081500653

Running Mulliken population analysis...

Calculating Mulliken bond orders.
=MD= t =    0.000000 au   ESCF = -2030.500291 au   EKIN =    0.121360 au   TEMP =  304.134656 K   ETOT = -2030.378932 au
=MD= Time per MD step: 22.37 sec

=MD= ***** MD STEP 2 *****

DFTD Energy:    -0.1891976 hartree
Setting up the DFT grid...
time to set the grid = 0.03 s
DFT grid points: 78969 (940 points/atom)
Setting up the DFT grid...
time to set the grid = 0.09 s
DFT grid points: 220889 (2629 points/atom)

                      *** Start SCF Iterations ***

 Iter     DIIS Error       Energy change      Electrons        XC Energy           Energy        Time(s)
----------------------------------------------------------------------------------------------------------
         >>> Purifying P... IDMP = 1.99e-14 <<<
THRESPDP set to 1.00e+00
                >>> SWITCHING TO GRID 1 <<<
   1     0.2105630628   -2017.6510797564   315.9988582615  -216.7922968225   -2017.6510797564     1.32  
                >>> SWITCHING TO GRID 0 <<<
   2     0.3061914431      +2.8151750639   315.9710459648  -231.3472742256   -2014.8359046925     1.11  
   3     0.4950744641      +3.3726502449   315.9654145369  -227.1729513146   -2011.4632544477     1.14  
   4     0.2736389703      -6.0258067644   315.9592721454  -225.5379819348   -2017.4890612121     1.16  
   5     0.0941574450     -12.6568678046   315.9613188457  -225.4506775166   -2030.1459290167     1.17  
   6     0.0796905271      -0.0146939197   315.9609057968  -225.0225394101   -2030.1606229364     1.08  
   7     0.0164577537      -0.3042714415   315.9610095277  -225.3282926823   -2030.4648943779     1.04  
   8     0.0070049594      -0.0145429450   315.9607321342  -225.2426628080   -2030.4794373229     1.01  
THRESPDP set to 4.19e-03
                >>> SWITCHING TO GRID 1 <<<
   9     0.0029006221      -0.0124114165   315.9998515691  -225.2500359295   -2030.4918487394     1.59  
  10     0.0014004158      -0.0005138205   315.9998609492  -225.2675534475   -2030.4923625599     1.30  
  11     0.0003857067      -0.0001736538   315.9998677859  -225.2687380051   -2030.4925362136     1.27  
  12     0.0003360672      -0.0000231156   315.9998725886  -225.2652890809   -2030.4925593292     1.27  
  13     0.0001011176      -0.0000058032   315.9998723132  -225.2657640609   -2030.4925651324     1.23  
  14     0.0000430943      -0.0000013210   315.9998721755  -225.2667898451   -2030.4925664534     1.20  
  15     0.0000163015      -0.0000005433   315.9998720077  -225.2668901608   -2030.4925669967     1.45  
----------------------------------------------------------------------------------------------------------
FINAL ENERGY: -2030.4925669967 a.u.
DISPERSION CONTRIBUTION TO ENERGY: -0.1891975843 a.u.
HOMO-LUMO GAP: 2.381 eV
CENTER OF MASS: {6.064415, 3.240394, 10.380287} ANGS
DIPOLE MOMENT: {-1.925689, 3.677475, -1.736785} (|D| = 4.499836) DEBYE
GPU Memory: 8150 Mb
GPU Memory: 8150 Mb

Running Mulliken population analysis...


Gradient units are Hartree/Bohr
---------------------------------------------------
        dE/dX            dE/dY            dE/dZ
    0.0001134771     0.0061077396     0.0038473258
    0.0045883546     0.0016529739     0.0005593369
   -0.0001120308    -0.0002011128    -0.0015293979
    0.0028864050    -0.0027074504    -0.0017086408
   -0.0065748544    -0.0134133665    -0.0325775201
    0.0127675899     0.0124871184     0.0062525332
   -0.0015764169     0.0037481201     0.0194722421
   -0.0048864032    -0.0033914127     0.0042437390
   -0.0025031118    -0.0204739917    -0.0101793182
   -0.0134906576     0.0048695065     0.0008197317
    0.0008172625     0.0038898073     0.0068536558
    0.0152599907     0.0067318132     0.0023089664
    0.0032981949     0.0028471081     0.0092425490
    0.0019155102    -0.0014943285    -0.0057727836
   -0.0080993909    -0.0045713763    -0.0189852816
   -0.0070463125     0.0056699065     0.0105886554
   -0.0016077304    -0.0027856768    -0.0037318591
    0.0028485864    -0.0048328060    -0.0163752299
    0.0042343363     0.0034090737     0.0165085452
   -0.0003639810     0.0019895567     0.0037999517
   -0.0004406704    -0.0019034819    -0.0061953667
   -0.0180801882    -0.0089394517     0.0024138659
    0.0107843153     0.0062474759    -0.0050678167
    0.0013496393    -0.0022196360    -0.0045711197
    0.0052590555     0.0020653317     0.0073346781
   -0.0020765267     0.0000294706     0.0006151717
   -0.0073107140    -0.0045897458    -0.0072683659
    0.0060230498     0.0033400425     0.0005893028
    0.0092090588    -0.0003396857     0.0040774038
    0.0001012153     0.0009647212    -0.0027020441
   -0.0034852606    -0.0014452536    -0.0028741747
    0.0025679955    -0.0100213928    -0.0201264877
    0.0039963416     0.0074576093     0.0100407942
   -0.0085531845    -0.0022268896     0.0105494711
   -0.0011001622     0.0039403085     0.0008413530
    0.0010726137     0.0060038847     0.0073729525
   -0.0053076509    -0.0021623219    -0.0019705148
    0.0005100593     0.0022556965     0.0050454511
   -0.0039763560     0.0004195054    -0.0011644145
    0.0027465158    -0.0003315690    -0.0002465037
    0.0037789850     0.0012101866     0.0106795033
    0.0054843092    -0.0018782214    -0.0002922209
    0.0024593356    -0.0019940608    -0.0023462411
    0.0034282355     0.0025812340    -0.0043613668
   -0.0004513638    -0.0033307941     0.0003931717
   -0.0090000356     0.0030680943    -0.0011921715
    0.0077930329    -0.0069495461     0.0051711900
   -0.0014601123    -0.0003134381    -0.0061032366
   -0.0005560305     0.0050264348     0.0005223001
   -0.0007183944     0.0208194225     0.0059162850
   -0.0118393127    -0.0035478535     0.0054321175
   -0.0059553635    -0.0059839272    -0.0157056381
    0.0169538175    -0.0086397362     0.0041760734
   -0.0033367768    -0.0015157331     0.0144718874
   -0.0048883079     0.0012836505    -0.0090020703
    0.0027622959    -0.0002967832    -0.0021225385
   -0.0053739564     0.0017233652    -0.0037687037
    0.0050629306    -0.0013147795     0.0040648911
   -0.0018466680     0.0016771984    -0.0036988419
    0.0009398736    -0.0015507080     0.0037731061
   -0.0088440654     0.0049055400    -0.0189096618
    0.0076123176    -0.0041955110     0.0152017802
   -0.0097817253    -0.0061496418     0.0073001221
    0.0007588388    -0.0005374623     0.0017682935
    0.0071314079     0.0093507519    -0.0082202717
   -0.0006484026     0.0062408934     0.0079229006
   -0.0002127139    -0.0023423480    -0.0019511216
   -0.0042557877    -0.0005046995    -0.0027623352
    0.0060685732    -0.0070869103    -0.0049621307
   -0.0045696559     0.0056335353     0.0048642043
   -0.0007117756    -0.0021346166     0.0007812589
   -0.0011830827     0.0032819747    -0.0004505815
    0.0036203237    -0.0069361261     0.0106403973
    0.0013042910    -0.0024057698     0.0011815113
    0.0020710612     0.0037671597    -0.0138918158
   -0.0030293365    -0.0014965148     0.0004104411
    0.0062699453     0.0006532227    -0.0002727124
   -0.0041818965     0.0011588955     0.0005499608
    0.0004063633     0.0012997870     0.0002581476
   -0.0018645215     0.0004190325     0.0011235680
    0.0014368484    -0.0009835229     0.0019622966
    0.0140259859     0.0029758266    -0.0128311285
    0.0001744392     0.0007392081    -0.0009593127
   -0.0105918894    -0.0038025293     0.0149078511

Running Mulliken population analysis...

Calculating Mulliken bond orders.
=MD= t =   20.670687 au   ESCF = -2030.492567 au   EKIN =    0.113545 au   TEMP =  284.550913 K   ETOT = -2030.379022 au
=MD= Time per MD step: 22.75 sec

